[06Nov2024 15:54:35.124] [main/INFO] [cpw.mods.modlauncher.Launcher/MODLAUNCHER]: ModLauncher running: args [--launchTarget, forgeserver, --fml.forgeVersion, 47.3.6, --fml.mcVersion, 1.20.1, --fml.forgeGroup, net.minecraftforge, --fml.mcpVersion, 20230612.114412, nogui, %*]
[06Nov2024 15:54:35.132] [main/INFO] [cpw.mods.modlauncher.Launcher/MODLAUNCHER]: ModLauncher 10.0.9+10.0.9+main.dcd20f30 starting: java version 17.0.12 by Oracle Corporation; OS Windows 11 arch amd64 version 10.0
[06Nov2024 15:54:35.673] [main/INFO] [net.minecraftforge.fml.loading.ImmediateWindowHandler/]: ImmediateWindowProvider not loading because launch target is forgeserver
[06Nov2024 15:54:35.707] [main/INFO] [mixin/]: SpongePowered MIXIN Subsystem Version=0.8.5 Source=union:/D:/repos/mine/GregTech-Pack/serverpack/libraries/org/spongepowered/mixin/0.8.5/mixin-0.8.5.jar%2365!/ Service=ModLauncher Env=SERVER
[06Nov2024 15:54:35.974] [main/WARN] [net.minecraftforge.fml.loading.moddiscovery.ModFileParser/LOADING]: Mod file D:\repos\mine\GregTech-Pack\serverpack\libraries\net\minecraftforge\fmlcore\1.20.1-47.3.6\fmlcore-1.20.1-47.3.6.jar is missing mods.toml file
[06Nov2024 15:54:35.974] [main/WARN] [net.minecraftforge.fml.loading.moddiscovery.ModFileParser/LOADING]: Mod file D:\repos\mine\GregTech-Pack\serverpack\libraries\net\minecraftforge\javafmllanguage\1.20.1-47.3.6\javafmllanguage-1.20.1-47.3.6.jar is missing mods.toml file
[06Nov2024 15:54:35.978] [main/WARN] [net.minecraftforge.fml.loading.moddiscovery.ModFileParser/LOADING]: Mod file D:\repos\mine\GregTech-Pack\serverpack\libraries\net\minecraftforge\lowcodelanguage\1.20.1-47.3.6\lowcodelanguage-1.20.1-47.3.6.jar is missing mods.toml file
[06Nov2024 15:54:35.978] [main/WARN] [net.minecraftforge.fml.loading.moddiscovery.ModFileParser/LOADING]: Mod file D:\repos\mine\GregTech-Pack\serverpack\libraries\net\minecraftforge\mclanguage\1.20.1-47.3.6\mclanguage-1.20.1-47.3.6.jar is missing mods.toml file
[06Nov2024 15:54:36.205] [main/INFO] [net.minecraftforge.fml.loading.moddiscovery.JarInJarDependencyLocator/]: Found 14 dependencies adding them to mods collection
[06Nov2024 15:54:37.965] [main/INFO] [mixin/]: Compatibility level set to JAVA_17
[06Nov2024 15:54:38.014] [main/INFO] [cpw.mods.modlauncher.LaunchServiceHandler/MODLAUNCHER]: Launching target 'forgeserver' with arguments [nogui, %*]
[06Nov2024 15:54:38.273] [main/INFO] [ModernFix/]: Loaded configuration file for ModernFix 5.19.4+mc1.20.1: 84 options available, 1 override(s) found
[06Nov2024 15:54:38.273] [main/WARN] [ModernFix/]: Option 'mixin.perf.thread_priorities' overriden (by mods [smoothboot]) to 'false'
[06Nov2024 15:54:38.273] [main/INFO] [ModernFix/]: Applying Nashorn fix
[06Nov2024 15:54:38.297] [main/INFO] [ModernFix/]: Applied Forge config corruption patch
[06Nov2024 15:54:38.445] [main/INFO] [Embeddium/]: Loaded configuration file for Embeddium: 120 options available, 0 override(s) found
[06Nov2024 15:54:38.471] [main/WARN] [mixin/]: Reference map 'mae2.mixins.refmap.json' for mixins.mae2.json could not be read. If this is a development environment you can ignore this message
[06Nov2024 15:54:38.524] [main/INFO] [Puzzles Lib/]: Loading 75 mods:
	- ae2 15.2.13
	- ae2wtlib 15.2.3-forge
	- alternate_current 1.7.0
	- appleskin 2.5.1+mc1.20.1
	- architects_palette 1.3.6.1
	- architectury 9.2.14
	- attributefix 21.0.4
	- badpackets 0.4.3
	- balm 7.3.9
		\-- kuma_api 20.1.8
	- bookshelf 20.2.13
	- buildinggadgets2 1.0.7
	- cloth_config 11.1.136
	- clumps 12.0.0.4
	- codechickenlib 4.4.0.516
	- craftingstation 1.20.1-1.2.3
	- craftingtweaks 18.2.5
	- curios 5.10.0+1.20.1
	- elevatorid 1.20.1-lex-1.9
	- embeddium 0.3.31+mc1.20.1
		|-- mixinextras 0.3.5
		\-- rubidium 0.7.1
	- enderstorage 2.11.0.188
	- expatternprovider 1.20-1.1.14-forge
	- fastleafdecay 32
	- fastload 3.4.0
	- fastsuite 5.0.1
	- ferritecore 6.0.1
	- findme 3.2.1
	- forge 47.3.6
	- framedblocks 9.3.1
	- ftbbackups2 1.0.23
	- ftbchunks 2001.3.1
	- ftbessentials 2001.2.2
	- ftblibrary 2001.2.4
	- ftbquests 2001.4.8
	- ftbteams 2001.3.0
	- ftbxmodcompat 2.1.1
	- glodium 1.20-1.5-forge
	- gtceu 1.4.6
		|-- configuration 2.2.0
		\-- ldlib 1.0.28.a
	- hangglider 8.0.1
	- iceberg 1.1.21
	- inventoryessentials 8.2.6
	- itemfilters 2001.1.0-build.59
	- jade 11.12.1+forge
	- javd 5.0.1+mc1.20.1
	- jei 15.20.0.104
	- kotlinforforge 4.11.0
	- kubejs 2001.6.5-build.14
	- libipn 4.0.2
	- libx 1.20.1-5.0.14
	- lootjs 1.20.1-2.12.0
	- mae2 1.4.1
	- minecraft 1.20.1
	- modernfix 5.19.4+mc1.20.1
	- nochatreports 1.20.1-v2.2.2
	- placebo 8.6.2
	- polylib 2000.0.3-build.143
	- polymorph 0.49.5+1.20.1
		\-- spectrelib 0.13.15+1.20.1
	- puzzleslib 8.1.24
		\-- puzzlesaccessapi 8.0.7
	- rhino 2001.2.3-build.6
	- smoothboot 0.0.4
	- sophisticatedbackpacks 3.20.11.1115
	- sophisticatedcore 0.6.34.718
	- storagedrawers 12.9.6
	- toolbelt 1.20.01
	- torchmaster 20.1.8
	- travelanchors 1.20.1-5.0.1
	- trenzalore 3.3.10
	- xaerominimap 24.5.0
	- xaeroworldmap 1.39.0
	- xtonesreworked 1.0.3
[06Nov2024 15:54:38.827] [main/INFO] [net.minecraftforge.coremod.CoreMod.placebo/COREMODLOG]: Patching IForgeItemStack#getEnchantmentLevel
[06Nov2024 15:54:38.833] [main/INFO] [net.minecraftforge.coremod.CoreMod.placebo/COREMODLOG]: Patching IForgeItemStack#getEnchantmentLevel
[06Nov2024 15:54:39.110] [main/WARN] [mixin/]: Error loading class: org/cyclops/integrateddynamics/block/BlockCable (java.lang.ClassNotFoundException: org.cyclops.integrateddynamics.block.BlockCable)
[06Nov2024 15:54:39.110] [main/WARN] [mixin/]: @Mixin target org.cyclops.integrateddynamics.block.BlockCable was not found mixins.epp.json:MixinBlockCable
[06Nov2024 15:54:39.110] [main/WARN] [mixin/]: Error loading class: blusunrize/immersiveengineering/api/wires/GlobalWireNetwork (java.lang.ClassNotFoundException: blusunrize.immersiveengineering.api.wires.GlobalWireNetwork)
[06Nov2024 15:54:39.110] [main/WARN] [mixin/]: @Mixin target blusunrize.immersiveengineering.api.wires.GlobalWireNetwork was not found mixins.epp.json:MixinGlobalWireNetwork
[06Nov2024 15:54:39.217] [main/ERROR] [net.minecraftforge.fml.loading.RuntimeDistCleaner/DISTXFORM]: Attempted to load class net/minecraft/client/gui/screens/inventory/AbstractContainerScreen for invalid dist DEDICATED_SERVER
[06Nov2024 15:54:39.217] [main/WARN] [mixin/]: Error loading class: net/minecraft/client/gui/screens/inventory/AbstractContainerScreen (java.lang.RuntimeException: Attempted to load class net/minecraft/client/gui/screens/inventory/AbstractContainerScreen for invalid dist DEDICATED_SERVER)
[06Nov2024 15:54:39.217] [main/WARN] [mixin/]: @Mixin target net.minecraft.client.gui.screens.inventory.AbstractContainerScreen was not found findme-common.mixins.json:MixinSlotRenderer
[06Nov2024 15:54:39.225] [main/ERROR] [net.minecraftforge.fml.loading.RuntimeDistCleaner/DISTXFORM]: Attempted to load class net/minecraft/client/particle/ParticleEngine for invalid dist DEDICATED_SERVER
[06Nov2024 15:54:39.225] [main/WARN] [mixin/]: Error loading class: net/minecraft/client/particle/ParticleEngine (java.lang.RuntimeException: Attempted to load class net/minecraft/client/particle/ParticleEngine for invalid dist DEDICATED_SERVER)
[06Nov2024 15:54:39.225] [main/WARN] [mixin/]: @Mixin target net.minecraft.client.particle.ParticleEngine was not found findme-common.mixins.json:ParticleEngineAccessor
[06Nov2024 15:54:39.319] [main/INFO] [MixinExtras|Service/]: Initializing MixinExtras via com.llamalad7.mixinextras.service.MixinExtrasServiceImpl(version=0.3.5).
[06Nov2024 15:54:39.634] [main/INFO] [mixin/]: Mixing server.MixinDedicatedServer from mixins/common/nochatreports.mixins.json into net.minecraft.server.dedicated.DedicatedServer
[06Nov2024 15:54:39.698] [main/INFO] [Smooth Boot (Reloaded)/]: Smooth Boot (Reloaded) config initialized
